[16:28:11] [User Authenticator #5/INFO]: UUID of player PdR is 793f5b51-cb4d-3ddc-9eb8-5d7dbffc7b88
[16:28:11] [Server thread/INFO]: PdR joined the game
[16:28:11] [Server thread/INFO]: PdR[/177.192.6.177:1084] logged in with entity id 1761 at ([world]-1108.2538144508364, 98.6270539583578, 725.3243949110372)
[16:29:44] [Server thread/INFO]: PdR lost connection: Disconnected
[16:29:44] [Server thread/INFO]: PdR left the game
[16:30:54] [Server thread/INFO]: Stopping server
[16:30:54] [Server thread/INFO]: [Geyser-Spigot] Disabling Geyser-Spigot v2.1.2-SNAPSHOT
[16:30:54] [Server thread/INFO]: [Geyser-Spigot] Shutting down Geyser.
[16:30:54] [Server thread/INFO]: [Geyser-Spigot] Geyser shutdown successfully.
[16:30:54] [Server thread/INFO]: [SkinsRestorer] Disabling SkinsRestorer v14.2.12
[16:30:54] [Server thread/INFO]: [floodgate] Disabling floodgate v2.2.2-SNAPSHOT (b59-2278589)
[16:30:54] [Server thread/INFO]: Saving players
[16:30:54] [Server thread/INFO]: Saving worlds
[16:30:54] [Server thread/INFO]: Saving chunks for level 'ServerLevel[world]'/minecraft:overworld
[16:30:54] [Server thread/INFO]: [ChunkHolderManager] Waiting 60s for chunk system to halt for world 'world'
[16:30:54] [Server thread/INFO]: [ChunkHolderManager] Halted chunk system for world 'world'
[16:30:54] [Server thread/INFO]: [ChunkHolderManager] Saving all chunkholders for world 'world'
[16:30:54] [WebSocketConnectReadThread-8182/INFO]: [Geyser-Spigot] The skin uploader has been closed
[16:30:54] [Server thread/INFO]: [ChunkHolderManager] Saved 88 block chunks, 154 entity chunks, 0 poi chunks in world 'world' in 0.14s
[16:30:55] [Server thread/INFO]: ThreadedAnvilChunkStorage (world): All chunks are saved
[16:30:55] [Server thread/INFO]: Saving chunks for level 'ServerLevel[world_nether]'/minecraft:the_nether
[16:30:55] [Server thread/INFO]: [ChunkHolderManager] Waiting 60s for chunk system to halt for world 'world_nether'
[16:30:55] [Server thread/INFO]: [ChunkHolderManager] Halted chunk system for world 'world_nether'
[16:30:55] [Server thread/INFO]: [ChunkHolderManager] Saving all chunkholders for world 'world_nether'
[16:30:55] [Server thread/INFO]: [ChunkHolderManager] Saved 0 block chunks, 6 entity chunks, 0 poi chunks in world 'world_nether' in 0.00s
[16:30:55] [Server thread/INFO]: ThreadedAnvilChunkStorage (DIM-1): All chunks are saved
[16:30:55] [Server thread/INFO]: Saving chunks for level 'ServerLevel[world_the_end]'/minecraft:the_end
[16:30:55] [Server thread/INFO]: [ChunkHolderManager] Waiting 60s for chunk system to halt for world 'world_the_end'
[16:30:55] [Server thread/INFO]: [ChunkHolderManager] Halted chunk system for world 'world_the_end'
[16:30:55] [Server thread/INFO]: [ChunkHolderManager] Saving all chunkholders for world 'world_the_end'
[16:30:55] [Server thread/INFO]: [ChunkHolderManager] Saved 0 block chunks, 0 entity chunks, 0 poi chunks in world 'world_the_end' in 0.00s
[16:30:55] [Server thread/INFO]: ThreadedAnvilChunkStorage (DIM1): All chunks are saved
[16:30:55] [Server thread/INFO]: ThreadedAnvilChunkStorage: All dimensions are saved
[16:30:55] [Server thread/INFO]: Flushing Chunk IO
[16:30:55] [Server thread/INFO]: Closing Thread Pool
[16:30:55] [Server thread/INFO]: Closing Server
